<?xml version="1.0" encoding="UTF-8"?>
<!-- Generated by org.testng.reporters.JUnitXMLReporter -->
<testsuite hostname="DESKTOP-F48H72M" ignored="0" name="Command line test" tests="22" failures="4" timestamp="05 Nov 2017 05:11:30 GMT" time="1.027" errors="0">
  <testcase name="test1" time="0.001" classname="com.org.CIBC.TestngDemo"/>
  <testcase name="test2" time="0.002" classname="com.org.CIBC.TestngDemo">
    <failure type="java.lang.AssertionError" message="expected [2] but found [1]">
      <![CDATA[java.lang.AssertionError: expected [2] but found [1]
	at com.org.CIBC.TestngDemo.test2(TestngDemo.java:24)
... Removed 41 stack frames]]>
    </failure>
  </testcase> <!-- test2 -->
  <testcase name="test5" time="0.0" classname="com.org.CIBC.TestngDemo">
    <failure type="java.lang.AssertionError" message="expected [2] but found [1]">
      <![CDATA[java.lang.AssertionError: expected [2] but found [1]
	at com.org.CIBC.TestngDemo.test5(TestngDemo.java:37)
... Removed 41 stack frames]]>
    </failure>
  </testcase> <!-- test5 -->
  <testcase name="test1" time="0.0" classname="com.org.CIBC.TestngDemo1"/>
  <testcase name="test2" time="0.002" classname="com.org.CIBC.TestngDemo1">
    <failure type="java.lang.AssertionError" message="expected [2] but found [1]">
      <![CDATA[java.lang.AssertionError: expected [2] but found [1]
	at com.org.CIBC.TestngDemo1.test2(TestngDemo1.java:24)
... Removed 41 stack frames]]>
    </failure>
  </testcase> <!-- test2 -->
  <testcase name="test5" time="0.0" classname="com.org.CIBC.TestngDemo1">
    <failure type="java.lang.AssertionError" message="expected [2] but found [1]">
      <![CDATA[java.lang.AssertionError: expected [2] but found [1]
	at com.org.CIBC.TestngDemo1.test5(TestngDemo1.java:37)
... Removed 41 stack frames]]>
    </failure>
  </testcase> <!-- test5 -->
  <testcase name="dpDataProcess" time="0.0" classname="com.org.CIBC.ParameterTest"/>
  <testcase name="dpDataProcess" time="0.001" classname="com.org.CIBC.ParameterTest"/>
  <testcase name="dpDataProcess" time="0.0" classname="com.org.CIBC.ParameterTest"/>
  <testcase name="dpDataProcess" time="0.0" classname="com.org.CIBC.ParameterTest"/>
  <testcase name="getPropertyFileData" time="0.001" classname="com.org.CIBC.ParameterTest"/>
  <testcase name="processSheet" time="0.0" classname="com.org.CIBC.ParameterTest"/>
  <testcase name="processSheet" time="0.001" classname="com.org.CIBC.ParameterTest"/>
  <testcase name="processSheet" time="0.0" classname="com.org.CIBC.ParameterTest"/>
  <testcase name="readXML" time="0.042" classname="com.org.CIBC.ParameterTest"/>
  <testcase name="setPropertyFileData" time="0.004" classname="com.org.CIBC.ParameterTest"/>
  <testcase name="writeSheet" time="0.121" classname="com.org.CIBC.ParameterTest"/>
  <testcase name="writeXML" time="0.072" classname="com.org.CIBC.ParameterTest"/>
  <testcase name="test4" time="0.0" classname="com.org.CIBC.TestngDemo">
    <skipped/>
  </testcase> <!-- test4 -->
  <testcase name="test3" time="0.0" classname="com.org.CIBC.TestngDemo">
    <skipped/>
  </testcase> <!-- test3 -->
  <testcase name="test3" time="0.0" classname="com.org.CIBC.TestngDemo1">
    <skipped/>
  </testcase> <!-- test3 -->
  <testcase name="test4" time="0.0" classname="com.org.CIBC.TestngDemo1"/>
</testsuite> <!-- Command line test -->
