<?xml version="1.0" encoding="UTF-8" ?>
<testsuite tests="22" failures="4" name="TestSuite" time="0.476" errors="0" skipped="3">
  <properties>
[...]
</properties>
  <testcase classname="com.org.CIBC.TestngDemo" name="test1" time="0.002"/>
  <testcase classname="com.org.CIBC.TestngDemo" name="test2" time="0.005">
    <failure message="expected [2] but found [1]" type="java.lang.AssertionError">java.lang.AssertionError: expected [2] but found [1]
	at org.testng.Assert.fail(Assert.java:94)
	at org.testng.Assert.failNotEquals(Assert.java:513)
	at org.testng.Assert.assertEqualsImpl(Assert.java:135)
	at org.testng.Assert.assertEquals(Assert.java:116)
	at org.testng.Assert.assertEquals(Assert.java:389)
	at org.testng.Assert.assertEquals(Assert.java:399)
	at com.org.CIBC.TestngDemo.test2(TestngDemo.java:24)
</failure>
    <system-out>It runs after each Test
It runs before each Test
This is test2
</system-out>
  </testcase>
  <testcase classname="com.org.CIBC.TestngDemo" name="test5" time="0.001">
    <failure message="expected [2] but found [1]" type="java.lang.AssertionError">java.lang.AssertionError: expected [2] but found [1]
	at org.testng.Assert.fail(Assert.java:94)
	at org.testng.Assert.failNotEquals(Assert.java:513)
	at org.testng.Assert.assertEqualsImpl(Assert.java:135)
	at org.testng.Assert.assertEquals(Assert.java:116)
	at org.testng.Assert.assertEquals(Assert.java:389)
	at org.testng.Assert.assertEquals(Assert.java:399)
	at com.org.CIBC.TestngDemo.test5(TestngDemo.java:37)
</failure>
    <system-out>It runs after each Test
It runs before each Test
This is test5
</system-out>
  </testcase>
  <testcase classname="com.org.CIBC.TestngDemo1" name="test1" time="0"/>
  <testcase classname="com.org.CIBC.TestngDemo1" name="test2" time="0.005">
    <failure message="expected [2] but found [1]" type="java.lang.AssertionError">java.lang.AssertionError: expected [2] but found [1]
	at org.testng.Assert.fail(Assert.java:94)
	at org.testng.Assert.failNotEquals(Assert.java:513)
	at org.testng.Assert.assertEqualsImpl(Assert.java:135)
	at org.testng.Assert.assertEquals(Assert.java:116)
	at org.testng.Assert.assertEquals(Assert.java:389)
	at org.testng.Assert.assertEquals(Assert.java:399)
	at com.org.CIBC.TestngDemo1.test2(TestngDemo1.java:24)
</failure>
    <system-out>It runs after each Test
It runs before each Test
This is test2
</system-out>
  </testcase>
  <testcase classname="com.org.CIBC.TestngDemo1" name="test5" time="0.001">
    <failure message="expected [2] but found [1]" type="java.lang.AssertionError">java.lang.AssertionError: expected [2] but found [1]
	at org.testng.Assert.fail(Assert.java:94)
	at org.testng.Assert.failNotEquals(Assert.java:513)
	at org.testng.Assert.assertEqualsImpl(Assert.java:135)
	at org.testng.Assert.assertEquals(Assert.java:116)
	at org.testng.Assert.assertEquals(Assert.java:389)
	at org.testng.Assert.assertEquals(Assert.java:399)
	at com.org.CIBC.TestngDemo1.test5(TestngDemo1.java:37)
</failure>
    <system-out>It runs after each Test
It runs before each Test
This is test5
</system-out>
  </testcase>
  <testcase classname="com.org.CIBC.ParameterTest" name="dpDataProcess" time="0"/>
  <testcase classname="com.org.CIBC.ParameterTest" name="dpDataProcess" time="0.001"/>
  <testcase classname="com.org.CIBC.ParameterTest" name="dpDataProcess" time="0"/>
  <testcase classname="com.org.CIBC.ParameterTest" name="dpDataProcess" time="0.001"/>
  <testcase classname="com.org.CIBC.ParameterTest" name="getPropertyFileData" time="0"/>
  <testcase classname="com.org.CIBC.ParameterTest" name="processSheet" time="0"/>
  <testcase classname="com.org.CIBC.ParameterTest" name="processSheet" time="0"/>
  <testcase classname="com.org.CIBC.ParameterTest" name="processSheet" time="0"/>
  <testcase classname="com.org.CIBC.ParameterTest" name="readXML" time="0.041"/>
  <testcase classname="com.org.CIBC.ParameterTest" name="setPropertyFileData" time="0.004"/>
  <testcase classname="com.org.CIBC.ParameterTest" name="writeSheet" time="0.121"/>
  <testcase classname="com.org.CIBC.ParameterTest" name="writeXML" time="0.072"/>
  <testcase classname="com.org.CIBC.TestngDemo" name="test4" time="0.074">
    <skipped/>
  </testcase>
  <testcase classname="com.org.CIBC.TestngDemo" name="test3" time="0.074">
    <skipped/>
  </testcase>
  <testcase classname="com.org.CIBC.TestngDemo1" name="test3" time="0.074">
    <skipped/>
    <system-out>It runs after class
</system-out>
  </testcase>
  <testcase classname="com.org.CIBC.TestngDemo1" name="test4" time="0"/>
</testsuite>