<?xml version="1.0" encoding="UTF-8"?>
<testng-results skipped="0" failed="0" ignored="0" total="2" passed="2">
  <reporter-output>
  </reporter-output>
  <suite name="Default suite" duration-ms="9350" started-at="2017-11-05T07:58:35Z" finished-at="2017-11-05T07:58:45Z">
    <groups>
    </groups>
    <test name="Default test" duration-ms="9350" started-at="2017-11-05T07:58:35Z" finished-at="2017-11-05T07:58:45Z">
      <class name="com.org.CIBC.TableChrome">
        <test-method status="PASS" signature="setup()[pri:0, instance:com.org.CIBC.TableChrome@29ca901e]" name="setup" is-config="true" duration-ms="6932" started-at="2017-11-05T13:28:35Z" finished-at="2017-11-05T13:28:42Z">
          <reporter-output>
          </reporter-output>
        </test-method> <!-- setup -->
        <test-method status="PASS" signature="Handle_Dynamic_Webtable()[pri:0, instance:com.org.CIBC.TableChrome@29ca901e]" name="Handle_Dynamic_Webtable" duration-ms="1698" started-at="2017-11-05T13:28:42Z" finished-at="2017-11-05T13:28:44Z">
          <reporter-output>
          </reporter-output>
        </test-method> <!-- Handle_Dynamic_Webtable -->
        <test-method status="PASS" signature="printSomething()[pri:0, instance:com.org.CIBC.TableChrome@29ca901e]" name="printSomething" duration-ms="0" started-at="2017-11-05T13:28:44Z" finished-at="2017-11-05T13:28:44Z">
          <reporter-output>
          </reporter-output>
        </test-method> <!-- printSomething -->
        <test-method status="PASS" signature="tearDown()[pri:0, instance:com.org.CIBC.TableChrome@29ca901e]" name="tearDown" is-config="true" duration-ms="703" started-at="2017-11-05T13:28:44Z" finished-at="2017-11-05T13:28:45Z">
          <reporter-output>
          </reporter-output>
        </test-method> <!-- tearDown -->
      </class> <!-- com.org.CIBC.TableChrome -->
    </test> <!-- Default test -->
  </suite> <!-- Default suite -->
</testng-results>
